{"D:\\PKL\\Typescript\\paymentkit2\\api\\src\\domain\\entities\\paymentStatus.ts": {"path":"D:\\PKL\\Typescript\\paymentkit2\\api\\src\\domain\\entities\\paymentStatus.ts","statementMap":{"0":{"start":{"line":1,"column":7},"end":{"line":1,"column":null}},"1":{"start":{"line":2,"column":4},"end":{"line":2,"column":null}},"2":{"start":{"line":3,"column":4},"end":{"line":3,"column":null}},"3":{"start":{"line":4,"column":4},"end":{"line":4,"column":null}},"4":{"start":{"line":5,"column":4},"end":{"line":5,"column":null}},"5":{"start":{"line":1,"column":12},"end":{"line":1,"column":null}}},"fnMap":{"0":{"name":"(anonymous_0)","decl":{"start":{"line":1,"column":7},"end":{"line":1,"column":12}},"loc":{"start":{"line":1,"column":7},"end":{"line":1,"column":null}},"line":1}},"branchMap":{"0":{"loc":{"start":{"line":1,"column":12},"end":{"line":1,"column":null}},"type":"binary-expr","locations":[{"start":{"line":1,"column":12},"end":{"line":1,"column":null}},{"start":{"line":1,"column":12},"end":{"line":1,"column":null}}],"line":1}},"s":{"0":2,"1":2,"2":2,"3":2,"4":2,"5":2},"f":{"0":2},"b":{"0":[2,2]},"meta":{"lastBranch":1,"lastFunction":1,"lastStatement":6,"seen":{"s:1:7:1:Infinity":0,"f:1:7:1:12":0,"s:2:4:2:Infinity":1,"s:3:4:3:Infinity":2,"s:4:4:4:Infinity":3,"s:5:4:5:Infinity":4,"s:1:12:1:Infinity":5,"b:1:12:1:Infinity:1:12:1:Infinity":0}}}
,"D:\\PKL\\Typescript\\paymentkit2\\api\\src\\domain\\services\\payment.service.ts": {"path":"D:\\PKL\\Typescript\\paymentkit2\\api\\src\\domain\\services\\payment.service.ts","statementMap":{"0":{"start":{"line":15,"column":66},"end":{"line":20,"column":null}},"1":{"start":{"line":27,"column":2},"end":{"line":27,"column":null}},"2":{"start":{"line":27,"column":24},"end":{"line":27,"column":null}},"3":{"start":{"line":29,"column":18},"end":{"line":29,"column":null}},"4":{"start":{"line":30,"column":2},"end":{"line":34,"column":null}},"5":{"start":{"line":31,"column":4},"end":{"line":33,"column":null}},"6":{"start":{"line":41,"column":21},"end":{"line":41,"column":null}},"7":{"start":{"line":42,"column":21},"end":{"line":42,"column":null}},"8":{"start":{"line":55,"column":21},"end":{"line":55,"column":null}},"9":{"start":{"line":56,"column":4},"end":{"line":58,"column":null}},"10":{"start":{"line":57,"column":6},"end":{"line":57,"column":null}},"11":{"start":{"line":60,"column":20},"end":{"line":66,"column":null}},"12":{"start":{"line":69,"column":4},"end":{"line":69,"column":null}},"13":{"start":{"line":71,"column":4},"end":{"line":71,"column":null}},"14":{"start":{"line":82,"column":20},"end":{"line":82,"column":null}},"15":{"start":{"line":84,"column":4},"end":{"line":86,"column":null}},"16":{"start":{"line":85,"column":6},"end":{"line":85,"column":null}},"17":{"start":{"line":89,"column":4},"end":{"line":89,"column":null}},"18":{"start":{"line":92,"column":24},"end":{"line":92,"column":null}},"19":{"start":{"line":93,"column":4},"end":{"line":95,"column":null}},"20":{"start":{"line":94,"column":6},"end":{"line":94,"column":null}},"21":{"start":{"line":97,"column":20},"end":{"line":97,"column":null}},"22":{"start":{"line":100,"column":4},"end":{"line":100,"column":null}},"23":{"start":{"line":102,"column":4},"end":{"line":102,"column":null}},"24":{"start":{"line":109,"column":4},"end":{"line":109,"column":null}},"25":{"start":{"line":120,"column":4},"end":{"line":120,"column":null}}},"fnMap":{"0":{"name":"validateTransition","decl":{"start":{"line":26,"column":16},"end":{"line":26,"column":35}},"loc":{"start":{"line":26,"column":86},"end":{"line":35,"column":null}},"line":26},"1":{"name":"(anonymous_1)","decl":{"start":{"line":40,"column":2},"end":{"line":40,"column":null}},"loc":{"start":{"line":43,"column":4},"end":{"line":43,"column":null}},"line":43},"2":{"name":"(anonymous_2)","decl":{"start":{"line":48,"column":8},"end":{"line":48,"column":null}},"loc":{"start":{"line":54,"column":22},"end":{"line":72,"column":null}},"line":54},"3":{"name":"(anonymous_3)","decl":{"start":{"line":77,"column":8},"end":{"line":77,"column":null}},"loc":{"start":{"line":81,"column":22},"end":{"line":103,"column":null}},"line":81},"4":{"name":"(anonymous_4)","decl":{"start":{"line":108,"column":8},"end":{"line":108,"column":28}},"loc":{"start":{"line":108,"column":70},"end":{"line":110,"column":null}},"line":108},"5":{"name":"(anonymous_5)","decl":{"start":{"line":115,"column":8},"end":{"line":115,"column":23}},"loc":{"start":{"line":119,"column":5},"end":{"line":121,"column":null}},"line":119}},"branchMap":{"0":{"loc":{"start":{"line":27,"column":2},"end":{"line":27,"column":null}},"type":"if","locations":[{"start":{"line":27,"column":2},"end":{"line":27,"column":null}},{"start":{},"end":{}}],"line":27},"1":{"loc":{"start":{"line":29,"column":18},"end":{"line":29,"column":null}},"type":"binary-expr","locations":[{"start":{"line":29,"column":18},"end":{"line":29,"column":48}},{"start":{"line":29,"column":48},"end":{"line":29,"column":null}}],"line":29},"2":{"loc":{"start":{"line":30,"column":2},"end":{"line":34,"column":null}},"type":"if","locations":[{"start":{"line":30,"column":2},"end":{"line":34,"column":null}},{"start":{},"end":{}}],"line":30},"3":{"loc":{"start":{"line":56,"column":4},"end":{"line":58,"column":null}},"type":"if","locations":[{"start":{"line":56,"column":4},"end":{"line":58,"column":null}},{"start":{},"end":{}}],"line":56},"4":{"loc":{"start":{"line":84,"column":4},"end":{"line":86,"column":null}},"type":"if","locations":[{"start":{"line":84,"column":4},"end":{"line":86,"column":null}},{"start":{},"end":{}}],"line":84},"5":{"loc":{"start":{"line":93,"column":4},"end":{"line":95,"column":null}},"type":"if","locations":[{"start":{"line":93,"column":4},"end":{"line":95,"column":null}},{"start":{},"end":{}}],"line":93},"6":{"loc":{"start":{"line":93,"column":8},"end":{"line":93,"column":78}},"type":"binary-expr","locations":[{"start":{"line":93,"column":8},"end":{"line":93,"column":40}},{"start":{"line":93,"column":40},"end":{"line":93,"column":78}}],"line":93}},"s":{"0":1,"1":3,"2":1,"3":2,"4":3,"5":1,"6":6,"7":6,"8":2,"9":2,"10":1,"11":1,"12":1,"13":1,"14":4,"15":4,"16":1,"17":3,"18":3,"19":3,"20":1,"21":1,"22":1,"23":1,"24":0,"25":0},"f":{"0":3,"1":6,"2":2,"3":4,"4":0,"5":0},"b":{"0":[1,2],"1":[2,0],"2":[1,2],"3":[1,1],"4":[1,3],"5":[1,2],"6":[3,1]},"meta":{"lastBranch":7,"lastFunction":6,"lastStatement":26,"seen":{"s:15:66:20:Infinity":0,"f:26:16:26:35":0,"b:27:2:27:Infinity:undefined:undefined:undefined:undefined":0,"s:27:2:27:Infinity":1,"s:27:24:27:Infinity":2,"s:29:18:29:Infinity":3,"b:29:18:29:48:29:48:29:Infinity":1,"b:30:2:34:Infinity:undefined:undefined:undefined:undefined":2,"s:30:2:34:Infinity":4,"s:31:4:33:Infinity":5,"f:40:2:40:Infinity":1,"s:41:21:41:Infinity":6,"s:42:21:42:Infinity":7,"f:48:8:48:Infinity":2,"s:55:21:55:Infinity":8,"b:56:4:58:Infinity:undefined:undefined:undefined:undefined":3,"s:56:4:58:Infinity":9,"s:57:6:57:Infinity":10,"s:60:20:66:Infinity":11,"s:69:4:69:Infinity":12,"s:71:4:71:Infinity":13,"f:77:8:77:Infinity":3,"s:82:20:82:Infinity":14,"b:84:4:86:Infinity:undefined:undefined:undefined:undefined":4,"s:84:4:86:Infinity":15,"s:85:6:85:Infinity":16,"s:89:4:89:Infinity":17,"s:92:24:92:Infinity":18,"b:93:4:95:Infinity:undefined:undefined:undefined:undefined":5,"s:93:4:95:Infinity":19,"b:93:8:93:40:93:40:93:78":6,"s:94:6:94:Infinity":20,"s:97:20:97:Infinity":21,"s:100:4:100:Infinity":22,"s:102:4:102:Infinity":23,"f:108:8:108:28":4,"s:109:4:109:Infinity":24,"f:115:8:115:23":5,"s:120:4:120:Infinity":25}}}
,"D:\\PKL\\Typescript\\paymentkit2\\api\\src\\domain\\services\\webhook.service.ts": {"path":"D:\\PKL\\Typescript\\paymentkit2\\api\\src\\domain\\services\\webhook.service.ts","statementMap":{"0":{"start":{"line":16,"column":26},"end":{"line":16,"column":null}},"1":{"start":{"line":21,"column":31},"end":{"line":21,"column":63}},"2":{"start":{"line":27,"column":4},"end":{"line":30,"column":null}},"3":{"start":{"line":28,"column":24},"end":{"line":28,"column":null}},"4":{"start":{"line":29,"column":6},"end":{"line":29,"column":null}},"5":{"start":{"line":29,"column":21},"end":{"line":29,"column":null}},"6":{"start":{"line":31,"column":4},"end":{"line":31,"column":null}},"7":{"start":{"line":43,"column":20},"end":{"line":43,"column":null}},"8":{"start":{"line":44,"column":4},"end":{"line":46,"column":null}},"9":{"start":{"line":45,"column":6},"end":{"line":45,"column":null}},"10":{"start":{"line":49,"column":26},"end":{"line":49,"column":null}},"11":{"start":{"line":52,"column":20},"end":{"line":63,"column":null}},"12":{"start":{"line":65,"column":4},"end":{"line":65,"column":null}}},"fnMap":{"0":{"name":"(anonymous_0)","decl":{"start":{"line":21,"column":2},"end":{"line":21,"column":31}},"loc":{"start":{"line":21,"column":63},"end":{"line":21,"column":null}},"line":21},"1":{"name":"(anonymous_1)","decl":{"start":{"line":26,"column":2},"end":{"line":26,"column":19}},"loc":{"start":{"line":26,"column":51},"end":{"line":32,"column":null}},"line":26},"2":{"name":"(anonymous_2)","decl":{"start":{"line":37,"column":8},"end":{"line":37,"column":null}},"loc":{"start":{"line":41,"column":22},"end":{"line":66,"column":null}},"line":41}},"branchMap":{"0":{"loc":{"start":{"line":29,"column":6},"end":{"line":29,"column":null}},"type":"if","locations":[{"start":{"line":29,"column":6},"end":{"line":29,"column":null}},{"start":{},"end":{}}],"line":29},"1":{"loc":{"start":{"line":44,"column":4},"end":{"line":46,"column":null}},"type":"if","locations":[{"start":{"line":44,"column":4},"end":{"line":46,"column":null}},{"start":{},"end":{}}],"line":44}},"s":{"0":1,"1":2,"2":0,"3":0,"4":0,"5":0,"6":0,"7":2,"8":2,"9":1,"10":1,"11":1,"12":1},"f":{"0":2,"1":0,"2":2},"b":{"0":[0,0],"1":[1,1]},"meta":{"lastBranch":2,"lastFunction":3,"lastStatement":13,"seen":{"s:16:26:16:Infinity":0,"f:21:2:21:31":0,"s:21:31:21:63":1,"f:26:2:26:19":1,"s:27:4:30:Infinity":2,"s:28:24:28:Infinity":3,"b:29:6:29:Infinity:undefined:undefined:undefined:undefined":0,"s:29:6:29:Infinity":4,"s:29:21:29:Infinity":5,"s:31:4:31:Infinity":6,"f:37:8:37:Infinity":2,"s:43:20:43:Infinity":7,"b:44:4:46:Infinity:undefined:undefined:undefined:undefined":1,"s:44:4:46:Infinity":8,"s:45:6:45:Infinity":9,"s:49:26:49:Infinity":10,"s:52:20:63:Infinity":11,"s:65:4:65:Infinity":12}}}
}
